#
# There is insufficient memory for the Java Runtime Environment to continue.
# Native memory allocation (mmap) failed to map 268435456 bytes for G1 virtual space
# Possible reasons:
#   The system is out of physical RAM or swap space
#   The process is running with CompressedOops enabled, and the Java Heap may be blocking the growth of the native heap
# Possible solutions:
#   Reduce memory load on the system
#   Increase physical memory or swap space
#   Check if swap backing store is full
#   Decrease Java heap size (-Xmx/-Xms)
#   Decrease number of Java threads
#   Decrease Java thread stack sizes (-Xss)
#   Set larger code cache with -XX:ReservedCodeCacheSize=
#   JVM is running with Zero Based Compressed Oops mode in which the Java heap is
#     placed in the first 32GB address space. The Java Heap base address is the
#     maximum limit for the native heap growth. Please use -XX:HeapBaseMinAddress
#     to set the Java Heap base and to place the Java Heap above 32GB virtual address.
# This output file may be truncated or incomplete.
#
#  Out of Memory Error (./open/src/hotspot/os/windows/os_windows.cpp:3472), pid=23476, tid=12984
#
# JRE version:  (15.0.1+9) (build )
# Java VM: OpenJDK 64-Bit Server VM (15.0.1+9-18, mixed mode, sharing, tiered, compressed oops, g1 gc, windows-amd64)
# No core dump will be written. Minidumps are not enabled by default on client versions of Windows
#

---------------  S U M M A R Y ------------

Command Line: C:\Users\RAVITI~1\AppData\Local\Temp\surefire9959485260654669697\surefirebooter8506828128114325450.jar C:\Users\ravitiwari\AppData\Local\Temp\surefire9959485260654669697 2021-03-01T22-22-47_433-jvmRun1 surefire4033515181198344416tmp surefire_012945906660925289604tmp

Host: Intel(R) Core(TM) i5-8250U CPU @ 1.60GHz, 8 cores, 15G,  Windows 10 , 64 bit Build 19041 (10.0.19041.662)
Time: Mon Mar  1 22:22:47 2021 India Standard Time elapsed time: 0.017070 seconds (0d 0h 0m 0s)

---------------  T H R E A D  ---------------

Current thread (0x000001fc3b7b3c40):  JavaThread "Unknown thread" [_thread_in_vm, id=12984, stack(0x000000be4fe00000,0x000000be4ff00000)]

Stack: [0x000000be4fe00000,0x000000be4ff00000]
Native frames: (J=compiled Java code, j=interpreted, Vv=VM code, C=native code)
V  [jvm.dll+0x62ae9a]
V  [jvm.dll+0x781389]
V  [jvm.dll+0x782ae3]
V  [jvm.dll+0x783143]
V  [jvm.dll+0x216265]
V  [jvm.dll+0x6281d9]
V  [jvm.dll+0x61cd15]
V  [jvm.dll+0x2d01fd]
V  [jvm.dll+0x2d0062]
V  [jvm.dll+0x2d603c]
V  [jvm.dll+0x325b2a]
V  [jvm.dll+0x3251f4]
V  [jvm.dll+0x2a717a]
V  [jvm.dll+0x2a8318]
V  [jvm.dll+0x75e101]
V  [jvm.dll+0x3343e4]
V  [jvm.dll+0x73e826]
V  [jvm.dll+0x3b7777]
V  [jvm.dll+0x3b9201]
C  [jli.dll+0x52fb]
C  [ucrtbase.dll+0x214c2]
C  [KERNEL32.DLL+0x17034]
C  [ntdll.dll+0x4d0d1]


---------------  P R O C E S S  ---------------

Threads class SMR info:
_java_thread_list=0x00007ff844714ff0, length=0, elements={
}

Java Threads: ( => current thread )

Other Threads:
  0x000001fc3b806b10 GCTaskThread "GC Thread#0" [stack: 0x000000be4ff00000,0x000000be50000000] [id=17416]
  0x000001fc3b817c60 ConcurrentGCThread "G1 Main Marker" [stack: 0x000000be50000000,0x000000be50100000] [id=1224]
  0x000001fc3b819860 ConcurrentGCThread "G1 Conc#0" [stack: 0x000000be50100000,0x000000be50200000] [id=11404]

[error occurred during error reporting (printing all threads), id 0xc0000005, EXCEPTION_ACCESS_VIOLATION (0xc0000005) at pc=0x00007ff843f08047]

VM state: not at safepoint (not fully initialized)

VM Mutex/Monitor currently owned by a thread:  ([mutex/lock_event])
[0x000001fc3b7ae430] Heap_lock - owner thread: 0x000001fc3b7b3c40

Heap address: 0x0000000701800000, size: 4072 MB, Compressed Oops mode: Zero based, Oop shift amount: 3
CDS archive(s) mapped at: [0x0000000000000000-0x0000000000000000-0x0000000000000000), size 0, SharedBaseAddress: 0x0000000800000000, ArchiveRelocationMode: 0.
Narrow klass base: 0x0000000000000000, Narrow klass shift: 0, Narrow klass range: 0x0

Heap:
 garbage-first heap   total 262144K, used 0K [0x0000000701800000, 0x0000000800000000)
  region size 2048K, 0 young (0K), 0 survivors (0K)
 Metaspace       used 0K, capacity 0K, committed 0K, reserved 0K
  class space    used 0K, capacity 0K, committed 0K, reserved 0K

Heap Regions: E=young(eden), S=young(survivor), O=old, HS=humongous(starts), HC=humongous(continues), CS=collection set, F=free, OA=open archive, CA=closed archive, TAMS=top-at-mark-start (previous, next)

Card table byte_map: [0x000001fc4ed00000,0x000001fc4f500000] _byte_map_base: 0x000001fc4b4f4000

Marking Bits (Prev, Next): (CMBitMap*) 0x000001fc3b807380, (CMBitMap*) 0x000001fc3b8073c0
 Prev Bits: [0x000001fc4fd00000, 0x000001fc53ca0000)
 Next Bits: [0x000001fc53ca0000, 0x000001fc57c40000)

GC Heap History (0 events):
No events

Deoptimization events (0 events):
No events

Classes unloaded (0 events):
No events

Classes redefined (0 events):
No events

Internal exceptions (0 events):
No events

Events (1 events):
Event: 0.009 Loaded shared library C:\Users\ravitiwari\Downloads\spring-tool-suite-4-4.9.0.RELEASE-e4.18.0-win32.win32.x86_64.self-extracting (1)\contents\sts-4.9.0.RELEASE\plugins\org.eclipse.justj.openjdk.hotspot.jre.full.win32.x86_64_15.0.1.v20201027-0507\jre\bin\j


Dynamic libraries:
0x00007ff6ccb60000 - 0x00007ff6ccb6d000 	C:\Users\ravitiwari\Downloads\spring-tool-suite-4-4.9.0.RELEASE-e4.18.0-win32.win32.x86_64.self-extracting (1)\contents\sts-4.9.0.RELEASE\plugins\org.eclipse.justj.openjdk.hotspot.jre.full.win32.x86_64_15.0.1.v20201027-0507\jre\bin\java.exe
0x00007ff8cab90000 - 0x00007ff8cad86000 	C:\WINDOWS\SYSTEM32\ntdll.dll
0x00007ff8c9ed0000 - 0x00007ff8c9f8d000 	C:\WINDOWS\System32\KERNEL32.DLL
0x00007ff8c8920000 - 0x00007ff8c8be9000 	C:\WINDOWS\System32\KERNELBASE.dll
0x00007ff8c87a0000 - 0x00007ff8c88a0000 	C:\WINDOWS\System32\ucrtbase.dll
0x00007ff893f80000 - 0x00007ff893f99000 	C:\Users\ravitiwari\Downloads\spring-tool-suite-4-4.9.0.RELEASE-e4.18.0-win32.win32.x86_64.self-extracting (1)\contents\sts-4.9.0.RELEASE\plugins\org.eclipse.justj.openjdk.hotspot.jre.full.win32.x86_64_15.0.1.v20201027-0507\jre\bin\VCRUNTIME140.dll
0x00007ff8922d0000 - 0x00007ff8922e8000 	C:\Users\ravitiwari\Downloads\spring-tool-suite-4-4.9.0.RELEASE-e4.18.0-win32.win32.x86_64.self-extracting (1)\contents\sts-4.9.0.RELEASE\plugins\org.eclipse.justj.openjdk.hotspot.jre.full.win32.x86_64_15.0.1.v20201027-0507\jre\bin\jli.dll
0x00007ff8ca690000 - 0x00007ff8ca830000 	C:\WINDOWS\System32\USER32.dll
0x00007ff8b2ab0000 - 0x00007ff8b2d4b000 	C:\WINDOWS\WinSxS\amd64_microsoft.windows.common-controls_6595b64144ccf1df_6.0.19041.746_none_ca02b4b61b8320a4\COMCTL32.dll
0x00007ff8c82d0000 - 0x00007ff8c82f2000 	C:\WINDOWS\System32\win32u.dll
0x00007ff8c8bf0000 - 0x00007ff8c8c8e000 	C:\WINDOWS\System32\msvcrt.dll
0x00007ff8ca8c0000 - 0x00007ff8ca8ea000 	C:\WINDOWS\System32\GDI32.dll
0x00007ff8c8560000 - 0x00007ff8c866b000 	C:\WINDOWS\System32\gdi32full.dll
0x00007ff8c84c0000 - 0x00007ff8c855d000 	C:\WINDOWS\System32\msvcp_win.dll
0x00007ff8c9770000 - 0x00007ff8c97a0000 	C:\WINDOWS\System32\IMM32.DLL
0x00007ff8b3820000 - 0x00007ff8b382c000 	C:\Users\ravitiwari\Downloads\spring-tool-suite-4-4.9.0.RELEASE-e4.18.0-win32.win32.x86_64.self-extracting (1)\contents\sts-4.9.0.RELEASE\plugins\org.eclipse.justj.openjdk.hotspot.jre.full.win32.x86_64_15.0.1.v20201027-0507\jre\bin\vcruntime140_1.dll
0x00007ff85fc00000 - 0x00007ff85fc91000 	C:\Users\ravitiwari\Downloads\spring-tool-suite-4-4.9.0.RELEASE-e4.18.0-win32.win32.x86_64.self-extracting (1)\contents\sts-4.9.0.RELEASE\plugins\org.eclipse.justj.openjdk.hotspot.jre.full.win32.x86_64_15.0.1.v20201027-0507\jre\bin\msvcp140.dll
0x00007ff843c50000 - 0x00007ff8447ae000 	C:\Users\ravitiwari\Downloads\spring-tool-suite-4-4.9.0.RELEASE-e4.18.0-win32.win32.x86_64.self-extracting (1)\contents\sts-4.9.0.RELEASE\plugins\org.eclipse.justj.openjdk.hotspot.jre.full.win32.x86_64_15.0.1.v20201027-0507\jre\bin\server\jvm.dll
0x00007ff8ca530000 - 0x00007ff8ca5dc000 	C:\WINDOWS\System32\ADVAPI32.dll
0x00007ff8c96d0000 - 0x00007ff8c976c000 	C:\WINDOWS\System32\sechost.dll
0x00007ff8c8ca0000 - 0x00007ff8c8dcb000 	C:\WINDOWS\System32\RPCRT4.dll
0x00007ff8ca8f0000 - 0x00007ff8ca8f8000 	C:\WINDOWS\System32\PSAPI.DLL
0x00007ff8b02f0000 - 0x00007ff8b02f9000 	C:\WINDOWS\SYSTEM32\WSOCK32.dll
0x00007ff8b8ac0000 - 0x00007ff8b8ae7000 	C:\WINDOWS\SYSTEM32\WINMM.dll
0x00007ff8be110000 - 0x00007ff8be11a000 	C:\WINDOWS\SYSTEM32\VERSION.dll
0x00007ff8c9f90000 - 0x00007ff8c9ffb000 	C:\WINDOWS\System32\WS2_32.dll
0x00007ff8c6a70000 - 0x00007ff8c6a82000 	C:\WINDOWS\SYSTEM32\kernel.appcore.dll
0x00007ff8b5fc0000 - 0x00007ff8b5fca000 	C:\Users\ravitiwari\Downloads\spring-tool-suite-4-4.9.0.RELEASE-e4.18.0-win32.win32.x86_64.self-extracting (1)\contents\sts-4.9.0.RELEASE\plugins\org.eclipse.justj.openjdk.hotspot.jre.full.win32.x86_64_15.0.1.v20201027-0507\jre\bin\jimage.dll
0x00007ff8c6000000 - 0x00007ff8c61e4000 	C:\WINDOWS\SYSTEM32\DBGHELP.DLL
0x00007ff8b4aa0000 - 0x00007ff8b4acc000 	C:\WINDOWS\SYSTEM32\dbgcore.DLL
0x00007ff8c88a0000 - 0x00007ff8c8920000 	C:\WINDOWS\System32\bcryptPrimitives.dll
0x00007ff894240000 - 0x00007ff894265000 	C:\Users\ravitiwari\Downloads\spring-tool-suite-4-4.9.0.RELEASE-e4.18.0-win32.win32.x86_64.self-extracting (1)\contents\sts-4.9.0.RELEASE\plugins\org.eclipse.justj.openjdk.hotspot.jre.full.win32.x86_64_15.0.1.v20201027-0507\jre\bin\java.dll

dbghelp: loaded successfully - version: 4.0.5 - missing functions: none
symbol engine: initialized successfully - sym options: 0x614 - pdb path: .;C:\Users\ravitiwari\Downloads\spring-tool-suite-4-4.9.0.RELEASE-e4.18.0-win32.win32.x86_64.self-extracting (1)\contents\sts-4.9.0.RELEASE\plugins\org.eclipse.justj.openjdk.hotspot.jre.full.win32.x86_64_15.0.1.v20201027-0507\jre\bin;C:\WINDOWS\SYSTEM32;C:\WINDOWS\WinSxS\amd64_microsoft.windows.common-controls_6595b64144ccf1df_6.0.19041.746_none_ca02b4b61b8320a4;C:\Users\ravitiwari\Downloads\spring-tool-suite-4-4.9.0.RELEASE-e4.18.0-win32.win32.x86_64.self-extracting (1)\contents\sts-4.9.0.RELEASE\plugins\org.eclipse.justj.openjdk.hotspot.jre.full.win32.x86_64_15.0.1.v20201027-0507\jre\bin\server

VM Arguments:
java_command: C:\Users\RAVITI~1\AppData\Local\Temp\surefire9959485260654669697\surefirebooter8506828128114325450.jar C:\Users\ravitiwari\AppData\Local\Temp\surefire9959485260654669697 2021-03-01T22-22-47_433-jvmRun1 surefire4033515181198344416tmp surefire_012945906660925289604tmp
java_class_path (initial): C:\Users\RAVITI~1\AppData\Local\Temp\surefire9959485260654669697\surefirebooter8506828128114325450.jar
Launcher Type: SUN_STANDARD

[Global flags]
     intx CICompilerCount                          = 4                                         {product} {ergonomic}
     uint ConcGCThreads                            = 2                                         {product} {ergonomic}
     uint G1ConcRefinementThreads                  = 8                                         {product} {ergonomic}
   size_t G1HeapRegionSize                         = 2097152                                   {product} {ergonomic}
    uintx GCDrainStackTargetSize                   = 64                                        {product} {ergonomic}
   size_t InitialHeapSize                          = 268435456                                 {product} {ergonomic}
   size_t MarkStackSize                            = 4194304                                   {product} {ergonomic}
   size_t MaxHeapSize                              = 4269801472                                {product} {ergonomic}
   size_t MinHeapDeltaBytes                        = 2097152                                   {product} {ergonomic}
   size_t MinHeapSize                              = 8388608                                   {product} {ergonomic}
    uintx NonNMethodCodeHeapSize                   = 5839372                                {pd product} {ergonomic}
    uintx NonProfiledCodeHeapSize                  = 122909434                              {pd product} {ergonomic}
    uintx ProfiledCodeHeapSize                     = 122909434                              {pd product} {ergonomic}
    uintx ReservedCodeCacheSize                    = 251658240                              {pd product} {ergonomic}
     bool SegmentedCodeCache                       = true                                      {product} {ergonomic}
   size_t SoftMaxHeapSize                          = 4269801472                             {manageable} {ergonomic}
     bool UseCompressedClassPointers               = true                                 {lp64_product} {ergonomic}
     bool UseCompressedOops                        = true                                 {lp64_product} {ergonomic}
     bool UseG1GC                                  = true                                      {product} {ergonomic}
     bool UseLargePagesIndividualAllocation        = false                                  {pd product} {ergonomic}

Logging:
Log output configuration:
 #0: stdout all=warning uptime,level,tags
 #1: stderr all=off uptime,level,tags

Environment Variables:
JAVA_HOME=C:\Program Files\Java\jdk1.8.0_161
PATH=C:/Users/ravitiwari/Downloads/spring-tool-suite-4-4.9.0.RELEASE-e4.18.0-win32.win32.x86_64.self-extracting (1)/contents/sts-4.9.0.RELEASE//plugins/org.eclipse.justj.openjdk.hotspot.jre.full.win32.x86_64_15.0.1.v20201027-0507/jre/bin/server;C:/Users/ravitiwari/Downloads/spring-tool-suite-4-4.9.0.RELEASE-e4.18.0-win32.win32.x86_64.self-extracting (1)/contents/sts-4.9.0.RELEASE//plugins/org.eclipse.justj.openjdk.hotspot.jre.full.win32.x86_64_15.0.1.v20201027-0507/jre/bin;C:\Program Files (x86)\Common Files\Oracle\Java\javapath;C:\WINDOWS\system32;C:\WINDOWS;C:\WINDOWS\System32\Wbem;C:\WINDOWS\System32\WindowsPowerShell\v1.0\;C:\WINDOWS\System32\OpenSSH\;C:\Program Files\Intel\WiFi\bin\;C:\Program Files\Common Files\Intel\WirelessCommon\;C:\Program Files\TortoiseSVN\bin;C:\Program Files\dotnet\;C:\Program Files\Microsoft SQL Server\130\Tools\Binn\;C:\Program Files\Microsoft SQL Server\Client SDK\ODBC\170\Tools\Binn\;C:\Program Files\Docker\Docker\resources\bin;C:\ProgramData\DockerDesktop\version-bin;C:\Program Files (x86)\Microsoft SQL Server\140\Tools\Binn\;C:\Program Files\Microsoft SQL Server\140\Tools\Binn\;C:\Program Files (x86)\Microsoft SQL Server\140\DTS\Binn\;C:\Program Files\Microsoft SQL Server\140\DTS\Binn\;C:\Program Files\Microsoft SQL Server\Client SDK\ODBC\130\Tools\Binn\;C:\Program Files (x86)\Microsoft SQL Server\150\DTS\Binn\;C:\spark-3.0.0-bin-hadoop2.7\bin;C:\Program Files\PuTTY\;C:\ProgramData\chocolatey\bin;C:\Program Files\MongoDB\Server\4.2\bin;C:\Program Files\Java\jdk1.8.0_161\bin;C:\Program Files\Git\cmd;C:\apache-maven-3.6.3-bin\apache-maven-3.6.3\bin;C:\HashiCorp\Vagrant\bin;C:\Program Files (x86)\sbt\bin;C:\Program Files (x86)\scala\bin;c:\Users\ravitiwari\AppData\Roaming\Python\Python38\Scripts\aws;C:\Users\ravitiwari\AppData\Roaming\Python\Python38\Scripts;C:\Users\ravitiwari\AppData\Local\Programs\Python\Python38\Scripts\;C:\Users\ravitiwari\AppData\Local\Programs\Python\Python38\;C:\Users\ravitiwari\AppData\Local\Microsoft\WindowsAp
USERNAME=ravitiwari
OS=Windows_NT
PROCESSOR_IDENTIFIER=Intel64 Family 6 Model 142 Stepping 10, GenuineIntel



---------------  S Y S T E M  ---------------

OS:
 Windows 10 , 64 bit Build 19041 (10.0.19041.662)
OS uptime: 9 days 9:24 hours
HyperV virtualization detected

CPU: total 8 (initial active 8) (4 cores per cpu, 2 threads per core) family 6 model 142 stepping 10 microcode 0xd6, cmov, cx8, fxsr, mmx, sse, sse2, sse3, ssse3, sse4.1, sse4.2, popcnt, vzeroupper, avx, avx2, aes, clmul, erms, 3dnowpref, lzcnt, ht, tsc, tscinvbit, bmi1, bmi2, adx, fma, clflush, clflushopt

Memory: 4k page, system-wide physical 16283M (584M free)
TotalPageFile size 33768M (AvailPageFile size 192M)
current process WorkingSet (physical memory assigned to process): 10M, peak: 10M
current process commit charge ("private bytes"): 60M, peak: 316M

vm_info: OpenJDK 64-Bit Server VM (15.0.1+9-18) for windows-amd64 JRE (15.0.1+9-18), built on Sep 15 2020 14:39:31 by "mach5one" with unknown MS VC++:1925

END.
